0 verbose cli /usr/bin/node /usr/bin/npm
1 info using npm@9.2.0
2 info using node@v18.19.1
3 timing npm:load:whichnode Completed in 1ms
4 timing config:load:defaults Completed in 3ms
5 timing config:load:file:/usr/share/nodejs/npm/npmrc Completed in 3ms
6 timing config:load:builtin Completed in 3ms
7 timing config:load:cli Completed in 3ms
8 timing config:load:env Completed in 0ms
9 timing config:load:file:/home/ubuntu/uni-server/.npmrc Completed in 0ms
10 timing config:load:project Completed in 2ms
11 timing config:load:file:/home/ubuntu/.npmrc Completed in 0ms
12 timing config:load:user Completed in 1ms
13 timing config:load:file:/etc/npmrc Completed in 0ms
14 timing config:load:global Completed in 0ms
15 timing config:load:setEnvs Completed in 2ms
16 timing config:load Completed in 16ms
17 timing npm:load:configload Completed in 16ms
18 timing npm:load:mkdirpcache Completed in 0ms
19 timing npm:load:mkdirplogs Completed in 0ms
20 verbose title npm install
21 verbose argv "install"
22 timing npm:load:setTitle Completed in 3ms
23 timing config:load:flatten Completed in 7ms
24 timing npm:load:display Completed in 8ms
25 verbose logfile logs-max:10 dir:/home/ubuntu/.npm/_logs/2025-11-04T16_22_17_500Z-
26 verbose logfile /home/ubuntu/.npm/_logs/2025-11-04T16_22_17_500Z-debug-0.log
27 timing npm:load:logFile Completed in 10ms
28 timing npm:load:timers Completed in 0ms
29 timing npm:load:configScope Completed in 0ms
30 timing npm:load Completed in 38ms
31 silly logfile done cleaning log files
32 timing config:load:flatten Completed in 1ms
33 timing arborist:ctor Completed in 1ms
34 timing idealTree:init Completed in 169ms
35 timing idealTree:userRequests Completed in 1ms
36 silly idealTree buildDeps
37 silly fetch manifest bcryptjs@^3.0.2
38 timing arborist:ctor Completed in 0ms
39 http fetch GET 200 https://registry.npmjs.org/bcryptjs 173ms (cache miss)
40 silly fetch manifest cors@^2.8.5
41 http fetch GET 200 https://registry.npmjs.org/cors 27ms (cache miss)
42 silly fetch manifest dotenv@^17.2.3
43 http fetch GET 200 https://registry.npmjs.org/dotenv 14ms (cache hit)
44 silly fetch manifest express-validator@^7.3.0
45 http fetch GET 200 https://registry.npmjs.org/express-validator 40ms (cache miss)
46 silly fetch manifest jsonwebtoken@^9.0.2
47 http fetch GET 200 https://registry.npmjs.org/jsonwebtoken 26ms (cache miss)
48 silly placeDep ROOT bcryptjs@3.0.3 OK for: uni-server@0.0.0 want: ^3.0.2
49 silly placeDep ROOT cors@2.8.5 OK for: uni-server@0.0.0 want: ^2.8.5
50 silly placeDep ROOT dotenv@17.2.3 REPLACE for: uni-server@0.0.0 want: ^17.2.3
51 silly placeDep ROOT express-validator@7.3.0 OK for: uni-server@0.0.0 want: ^7.3.0
52 silly placeDep ROOT jsonwebtoken@9.0.2 OK for: uni-server@0.0.0 want: ^9.0.2
53 silly fetch manifest object-assign@^4
54 silly fetch manifest lodash@^4.17.21
55 silly fetch manifest validator@~13.15.15
56 silly fetch manifest ms@^2.1.1
57 silly fetch manifest jws@^3.2.2
58 silly fetch manifest semver@^7.5.4
59 silly fetch manifest lodash.once@^4.0.0
60 silly fetch manifest lodash.includes@^4.3.0
61 silly fetch manifest lodash.isnumber@^3.0.3
62 silly fetch manifest lodash.isstring@^4.0.1
63 silly fetch manifest lodash.isboolean@^3.0.3
64 silly fetch manifest lodash.isinteger@^4.0.4
65 silly fetch manifest lodash.isplainobject@^4.0.6
66 http fetch GET 200 https://registry.npmjs.org/ms 52ms (cache hit)
67 http fetch GET 200 https://registry.npmjs.org/validator 78ms (cache miss)
68 http fetch GET 200 https://registry.npmjs.org/object-assign 87ms (cache revalidated)
69 http fetch GET 200 https://registry.npmjs.org/lodash.isstring 86ms (cache miss)
70 http fetch GET 200 https://registry.npmjs.org/jws 90ms (cache miss)
71 http fetch GET 200 https://registry.npmjs.org/lodash 93ms (cache revalidated)
72 http fetch GET 200 https://registry.npmjs.org/lodash.once 92ms (cache miss)
73 http fetch GET 200 https://registry.npmjs.org/lodash.isnumber 94ms (cache miss)
74 http fetch GET 200 https://registry.npmjs.org/lodash.isboolean 93ms (cache miss)
75 http fetch GET 200 https://registry.npmjs.org/lodash.isinteger 94ms (cache miss)
76 http fetch GET 200 https://registry.npmjs.org/lodash.isplainobject 94ms (cache miss)
77 http fetch GET 200 https://registry.npmjs.org/lodash.includes 97ms (cache miss)
78 http fetch GET 200 https://registry.npmjs.org/semver 99ms (cache revalidated)
79 timing idealTree:#root Completed in 410ms
80 timing idealTree:node_modules/bcryptjs Completed in 0ms
81 silly placeDep ROOT object-assign@4.1.1 OK for: cors@2.8.5 want: ^4
82 timing idealTree:node_modules/cors Completed in 2ms
83 timing idealTree:node_modules/dotenv Completed in 0ms
84 silly placeDep ROOT lodash@4.17.21 OK for: express-validator@7.3.0 want: ^4.17.21
85 silly placeDep ROOT validator@13.15.20 OK for: express-validator@7.3.0 want: ~13.15.15
86 timing idealTree:node_modules/express-validator Completed in 3ms
87 silly placeDep ROOT jws@3.2.2 OK for: jsonwebtoken@9.0.2 want: ^3.2.2
88 silly placeDep ROOT lodash.includes@4.3.0 OK for: jsonwebtoken@9.0.2 want: ^4.3.0
89 silly placeDep ROOT lodash.isboolean@3.0.3 OK for: jsonwebtoken@9.0.2 want: ^3.0.3
90 silly placeDep ROOT lodash.isinteger@4.0.4 OK for: jsonwebtoken@9.0.2 want: ^4.0.4
91 silly placeDep ROOT lodash.isnumber@3.0.3 OK for: jsonwebtoken@9.0.2 want: ^3.0.3
92 silly placeDep ROOT lodash.isplainobject@4.0.6 OK for: jsonwebtoken@9.0.2 want: ^4.0.6
93 silly placeDep ROOT lodash.isstring@4.0.1 OK for: jsonwebtoken@9.0.2 want: ^4.0.1
94 silly placeDep ROOT lodash.once@4.1.1 OK for: jsonwebtoken@9.0.2 want: ^4.0.0
95 silly placeDep node_modules/jsonwebtoken ms@2.1.3 OK for: jsonwebtoken@9.0.2 want: ^2.1.1
96 silly placeDep ROOT semver@7.7.3 OK for: jsonwebtoken@9.0.2 want: ^7.5.4
97 silly fetch manifest jwa@^1.4.1
98 http fetch GET 200 https://registry.npmjs.org/jwa 27ms (cache miss)
99 timing idealTree:node_modules/jsonwebtoken Completed in 45ms
100 silly placeDep ROOT jwa@1.4.2 OK for: jws@3.2.2 want: ^1.4.1
101 silly fetch manifest ecdsa-sig-formatter@1.0.11
102 silly fetch manifest buffer-equal-constant-time@^1.0.1
103 http fetch GET 200 https://registry.npmjs.org/buffer-equal-constant-time 26ms (cache miss)
104 http fetch GET 200 https://registry.npmjs.org/ecdsa-sig-formatter 27ms (cache miss)
105 timing idealTree:node_modules/jws Completed in 30ms
106 silly placeDep ROOT buffer-equal-constant-time@1.0.1 OK for: jwa@1.4.2 want: ^1.0.1
107 silly placeDep ROOT ecdsa-sig-formatter@1.0.11 OK for: jwa@1.4.2 want: 1.0.11
108 timing idealTree:node_modules/jwa Completed in 3ms
109 timing idealTree:node_modules/buffer-equal-constant-time Completed in 0ms
110 timing idealTree:node_modules/ecdsa-sig-formatter Completed in 0ms
111 timing idealTree:node_modules/lodash Completed in 0ms
112 timing idealTree:node_modules/lodash.includes Completed in 0ms
113 timing idealTree:node_modules/lodash.isboolean Completed in 0ms
114 timing idealTree:node_modules/lodash.isinteger Completed in 0ms
115 timing idealTree:node_modules/lodash.isnumber Completed in 0ms
116 timing idealTree:node_modules/lodash.isplainobject Completed in 0ms
117 timing idealTree:node_modules/lodash.isstring Completed in 0ms
118 timing idealTree:node_modules/lodash.once Completed in 0ms
119 timing idealTree:node_modules/object-assign Completed in 0ms
120 timing idealTree:node_modules/semver Completed in 0ms
121 timing idealTree:node_modules/validator Completed in 0ms
122 timing idealTree:node_modules/jsonwebtoken/node_modules/ms Completed in 0ms
123 timing idealTree:buildDeps Completed in 496ms
124 timing idealTree:fixDepFlags Completed in 2ms
125 timing idealTree Completed in 675ms
126 timing reify:loadTrees Completed in 677ms
127 timing reify:diffTrees Completed in 5ms
128 silly reify mark retired [ '/home/ubuntu/uni-server/node_modules/dotenv' ]
129 silly reify moves {
129 silly reify   '/home/ubuntu/uni-server/node_modules/dotenv': '/home/ubuntu/uni-server/node_modules/.dotenv-h2t7UwE9'
129 silly reify }
130 timing reify:retireShallow Completed in 4ms
131 timing reify:createSparse Completed in 3ms
132 timing reify:loadBundles Completed in 0ms
133 silly audit bulk request {
133 silly audit   '@eslint-community/eslint-utils': [ '4.9.0' ],
133 silly audit   'eslint-visitor-keys': [ '3.4.3', '4.2.1' ],
133 silly audit   '@eslint-community/regexpp': [ '4.12.2' ],
133 silly audit   '@eslint/config-array': [ '0.21.1' ],
133 silly audit   debug: [ '4.4.3', '2.6.9' ],
133 silly audit   ms: [ '2.1.3', '2.0.0' ],
133 silly audit   '@eslint/config-helpers': [ '0.4.2' ],
133 silly audit   '@eslint/core': [ '0.17.0' ],
133 silly audit   '@eslint/eslintrc': [ '3.3.1' ],
133 silly audit   globals: [ '14.0.0', '15.15.0' ],
133 silly audit   '@eslint/js': [ '9.39.1' ],
133 silly audit   '@eslint/object-schema': [ '2.1.7' ],
133 silly audit   '@eslint/plugin-kit': [ '0.4.1' ],
133 silly audit   '@humanfs/core': [ '0.19.1' ],
133 silly audit   '@humanfs/node': [ '0.16.7' ],
133 silly audit   '@humanwhocodes/module-importer': [ '1.0.1' ],
133 silly audit   '@humanwhocodes/retry': [ '0.4.3' ],
133 silly audit   '@types/estree': [ '1.0.8' ],
133 silly audit   '@types/json-schema': [ '7.0.15' ],
133 silly audit   accepts: [ '1.3.8' ],
133 silly audit   acorn: [ '8.15.0', '2.7.0', '1.2.2' ],
133 silly audit   'acorn-globals': [ '1.0.9' ],
133 silly audit   'acorn-jsx': [ '5.3.2' ],
133 silly audit   ajv: [ '6.12.6' ],
133 silly audit   'align-text': [ '0.1.4' ],
133 silly audit   amdefine: [ '1.0.1' ],
133 silly audit   'ansi-styles': [ '4.3.0' ],
133 silly audit   argparse: [ '2.0.1' ],
133 silly audit   'array-flatten': [ '1.1.1' ],
133 silly audit   asap: [ '1.0.0' ],
133 silly audit   'balanced-match': [ '1.0.2' ],
133 silly audit   'basic-auth': [ '2.0.1' ],
133 silly audit   'body-parser': [ '1.18.3' ],
133 silly audit   'brace-expansion': [ '1.1.12' ],
133 silly audit   bytes: [ '3.0.0' ],
133 silly audit   callsites: [ '3.1.0' ],
133 silly audit   camelcase: [ '1.2.1' ],
133 silly audit   'center-align': [ '0.1.3' ],
133 silly audit   chalk: [ '4.1.2' ],
133 silly audit   'character-parser': [ '1.2.1' ],
133 silly audit   'clean-css': [ '3.4.28' ],
133 silly audit   commander: [ '2.8.1', '2.6.0' ],
133 silly audit   cliui: [ '2.1.0' ],
133 silly audit   'color-convert': [ '2.0.1' ],
133 silly audit   'color-name': [ '1.1.4' ],
133 silly audit   'concat-map': [ '0.0.1' ],
133 silly audit   constantinople: [ '3.0.2' ],
133 silly audit   'content-disposition': [ '0.5.2' ],
133 silly audit   'content-type': [ '1.0.5' ],
133 silly audit   cookie: [ '0.7.2', '0.3.1' ],
133 silly audit   'cookie-parser': [ '1.4.7' ],
133 silly audit   'cookie-signature': [ '1.0.6' ],
133 silly audit   'cross-spawn': [ '7.0.6' ],
133 silly audit   css: [ '1.0.8' ],
133 silly audit   'css-parse': [ '1.0.4' ],
133 silly audit   'css-stringify': [ '1.0.5' ],
133 silly audit   decamelize: [ '1.2.0' ],
133 silly audit   'deep-is': [ '0.1.4' ],
133 silly audit   depd: [ '1.1.2' ],
133 silly audit   destroy: [ '1.0.4' ],
133 silly audit   'ee-first': [ '1.1.1' ],
133 silly audit   encodeurl: [ '1.0.2' ],
133 silly audit   'escape-html': [ '1.0.3' ],
133 silly audit   'escape-string-regexp': [ '4.0.0' ],
133 silly audit   eslint: [ '9.39.1' ],
133 silly audit   'eslint-scope': [ '8.4.0' ],
133 silly audit   espree: [ '10.4.0' ],
133 silly audit   esquery: [ '1.6.0' ],
133 silly audit   esrecurse: [ '4.3.0' ],
133 silly audit   estraverse: [ '5.3.0' ],
133 silly audit   esutils: [ '2.0.3' ],
133 silly audit   etag: [ '1.8.1' ],
133 silly audit   express: [ '4.16.4' ],
133 silly audit   'fast-deep-equal': [ '3.1.3' ],
133 silly audit   'fast-json-stable-stringify': [ '2.1.0' ],
133 silly audit   'fast-levenshtein': [ '2.0.6' ],
133 silly audit   'file-entry-cache': [ '8.0.0' ],
133 silly audit   finalhandler: [ '1.1.1' ],
133 silly audit   'find-up': [ '5.0.0' ],
133 silly audit   'flat-cache': [ '4.0.1' ],
133 silly audit   flatted: [ '3.3.3' ],
133 silly audit   forwarded: [ '0.2.0' ],
133 silly audit   fresh: [ '0.5.2' ],
133 silly audit   'glob-parent': [ '6.0.2' ],
133 silly audit   'graceful-readlink': [ '1.0.1' ],
133 silly audit   'has-flag': [ '4.0.0' ],
133 silly audit   'http-errors': [ '1.6.3' ],
133 silly audit   'iconv-lite': [ '0.4.23' ],
133 silly audit   ignore: [ '5.3.2' ],
133 silly audit   'import-fresh': [ '3.3.1' ],
133 silly audit   imurmurhash: [ '0.1.4' ],
133 silly audit   inherits: [ '2.0.3' ],
133 silly audit   'ipaddr.js': [ '1.9.1' ],
133 silly audit   'is-buffer': [ '1.1.6' ],
133 silly audit   'is-extglob': [ '2.1.1' ],
133 silly audit   'is-glob': [ '4.0.3' ],
133 silly audit   'is-promise': [ '2.2.2', '1.0.1' ],
133 silly audit   isexe: [ '2.0.0' ],
133 silly audit   jade: [ '1.11.0' ],
133 silly audit   'js-yaml': [ '4.1.0' ],
133 silly audit   'json-buffer': [ '3.0.1' ],
133 silly audit   'json-schema-traverse': [ '0.4.1' ],
133 silly audit   'json-stable-stringify-without-jsonify': [ '1.0.1' ],
133 silly audit   jstransformer: [ '0.0.2' ],
133 silly audit   keyv: [ '4.5.4' ],
133 silly audit   'kind-of': [ '3.2.2' ],
133 silly audit   'lazy-cache': [ '1.0.4' ],
133 silly audit   levn: [ '0.4.1' ],
133 silly audit   'locate-path': [ '6.0.0' ],
133 silly audit   'lodash.merge': [ '4.6.2' ],
133 silly audit   longest: [ '1.0.1' ],
133 silly audit   'media-typer': [ '0.3.0' ],
133 silly audit   'merge-descriptors': [ '1.0.1' ],
133 silly audit   methods: [ '1.1.2' ],
133 silly audit   mime: [ '1.4.1' ],
133 silly audit   'mime-db': [ '1.52.0' ],
133 silly audit   'mime-types': [ '2.1.35' ],
133 silly audit   minimatch: [ '3.1.2' ],
133 silly audit   minimist: [ '1.2.8' ],
133 silly audit   mkdirp: [ '0.5.6' ],
133 silly audit   morgan: [ '1.9.1' ],
133 silly audit   'natural-compare': [ '1.4.0' ],
133 silly audit   negotiator: [ '0.6.3' ],
133 silly audit   'on-finished': [ '2.3.0' ],
133 silly audit   'on-headers': [ '1.0.2' ],
133 silly audit   optimist: [ '0.3.7' ],
133 silly audit   optionator: [ '0.9.4' ],
133 silly audit   'p-limit': [ '3.1.0' ],
133 silly audit   'p-locate': [ '5.0.0' ],
133 silly audit   'parent-module': [ '1.0.1' ],
133 silly audit   parseurl: [ '1.3.3' ],
133 silly audit   'path-exists': [ '4.0.0' ],
133 silly audit   'path-key': [ '3.1.1' ],
133 silly audit   'path-to-regexp': [ '0.1.7' ],
133 silly audit   pg: [ '8.16.3' ],
133 silly audit   'pg-cloudflare': [ '1.2.7' ],
133 silly audit   'pg-connection-string': [ '2.9.1' ],
133 silly audit   'pg-int8': [ '1.0.1' ],
133 silly audit   'pg-pool': [ '3.10.1' ],
133 silly audit   'pg-protocol': [ '1.10.3' ],
133 silly audit   'pg-types': [ '2.2.0' ],
133 silly audit   pgpass: [ '1.0.5' ],
133 silly audit   'postgres-array': [ '2.0.0' ],
133 silly audit   'postgres-bytea': [ '1.0.0' ],
133 silly audit   'postgres-date': [ '1.0.7' ],
133 silly audit   'postgres-interval': [ '1.2.0' ],
133 silly audit   'prelude-ls': [ '1.2.1' ],
133 silly audit   promise: [ '6.1.0', '2.0.0' ],
133 silly audit   'proxy-addr': [ '2.0.7' ],
133 silly audit   punycode: [ '2.3.1' ],
133 silly audit   qs: [ '6.5.2' ],
133 silly audit   'range-parser': [ '1.2.1' ],
133 silly audit   'raw-body': [ '2.3.3' ],
133 silly audit   'repeat-string': [ '1.6.1' ],
133 silly audit   'resolve-from': [ '4.0.0' ],
133 silly audit   'right-align': [ '0.1.3' ],
133 silly audit   'safe-buffer': [ '5.1.2' ],
133 silly audit   'safer-buffer': [ '2.1.2' ],
133 silly audit   send: [ '0.16.2' ],
133 silly audit   'serve-static': [ '1.13.2' ],
133 silly audit   setprototypeof: [ '1.1.0' ],
133 silly audit   'shebang-command': [ '2.0.0' ],
133 silly audit   'shebang-regex': [ '3.0.0' ],
133 silly audit   'source-map': [ '0.4.4', '0.1.43', '0.5.7' ],
133 silly audit   split2: [ '4.2.0' ],
133 silly audit   statuses: [ '1.4.0' ],
133 silly audit   'strip-json-comments': [ '3.1.1' ],
133 silly audit   'supports-color': [ '7.2.0' ],
133 silly audit   transformers: [ '2.1.0' ],
133 silly audit   'uglify-js': [ '2.2.5', '2.8.29' ],
133 silly audit   'type-check': [ '0.4.0' ],
133 silly audit   'type-is': [ '1.6.18' ],
133 silly audit   'uglify-to-browserify': [ '1.0.2' ],
133 silly audit   unpipe: [ '1.0.0' ],
133 silly audit   'uri-js': [ '4.4.1' ],
133 silly audit   'utils-merge': [ '1.0.1' ],
133 silly audit   vary: [ '1.1.2' ],
133 silly audit   'void-elements': [ '2.0.1' ],
133 silly audit   which: [ '2.0.2' ],
133 silly audit   'window-size': [ '0.1.0' ],
133 silly audit   with: [ '4.0.3' ],
133 silly audit   'word-wrap': [ '1.2.5' ],
133 silly audit   wordwrap: [ '0.0.2' ],
133 silly audit   xtend: [ '4.0.2' ],
133 silly audit   yargs: [ '3.10.0' ],
133 silly audit   'yocto-queue': [ '0.1.0' ],
133 silly audit   bcryptjs: [ '3.0.3' ],
133 silly audit   cors: [ '2.8.5' ],
133 silly audit   dotenv: [ '17.2.3' ],
133 silly audit   'express-validator': [ '7.3.0' ],
133 silly audit   jsonwebtoken: [ '9.0.2' ],
133 silly audit   'object-assign': [ '4.1.1' ],
133 silly audit   lodash: [ '4.17.21' ],
133 silly audit   validator: [ '13.15.20' ],
133 silly audit   jws: [ '3.2.2' ],
133 silly audit   'lodash.includes': [ '4.3.0' ],
133 silly audit   'lodash.isboolean': [ '3.0.3' ],
133 silly audit   'lodash.isinteger': [ '4.0.4' ],
133 silly audit   'lodash.isnumber': [ '3.0.3' ],
133 silly audit   'lodash.isplainobject': [ '4.0.6' ],
133 silly audit   'lodash.isstring': [ '4.0.1' ],
133 silly audit   'lodash.once': [ '4.1.1' ],
133 silly audit   semver: [ '7.7.3' ],
133 silly audit   jwa: [ '1.4.2' ],
133 silly audit   'buffer-equal-constant-time': [ '1.0.1' ],
133 silly audit   'ecdsa-sig-formatter': [ '1.0.11' ]
133 silly audit }
134 silly tarball no local data for ecdsa-sig-formatter@https://registry.npmjs.org/ecdsa-sig-formatter/-/ecdsa-sig-formatter-1.0.11.tgz. Extracting by manifest.
135 silly tarball no local data for buffer-equal-constant-time@https://registry.npmjs.org/buffer-equal-constant-time/-/buffer-equal-constant-time-1.0.1.tgz. Extracting by manifest.
136 silly tarball no local data for jwa@https://registry.npmjs.org/jwa/-/jwa-1.4.2.tgz. Extracting by manifest.
137 silly tarball no local data for lodash.once@https://registry.npmjs.org/lodash.once/-/lodash.once-4.1.1.tgz. Extracting by manifest.
138 silly tarball no local data for lodash.isstring@https://registry.npmjs.org/lodash.isstring/-/lodash.isstring-4.0.1.tgz. Extracting by manifest.
139 silly tarball no local data for lodash.isplainobject@https://registry.npmjs.org/lodash.isplainobject/-/lodash.isplainobject-4.0.6.tgz. Extracting by manifest.
140 silly tarball no local data for lodash.isnumber@https://registry.npmjs.org/lodash.isnumber/-/lodash.isnumber-3.0.3.tgz. Extracting by manifest.
141 silly tarball no local data for lodash.isinteger@https://registry.npmjs.org/lodash.isinteger/-/lodash.isinteger-4.0.4.tgz. Extracting by manifest.
142 silly tarball no local data for lodash.isboolean@https://registry.npmjs.org/lodash.isboolean/-/lodash.isboolean-3.0.3.tgz. Extracting by manifest.
143 silly tarball no local data for lodash.includes@https://registry.npmjs.org/lodash.includes/-/lodash.includes-4.3.0.tgz. Extracting by manifest.
144 silly tarball no local data for jws@https://registry.npmjs.org/jws/-/jws-3.2.2.tgz. Extracting by manifest.
145 silly tarball no local data for validator@https://registry.npmjs.org/validator/-/validator-13.15.20.tgz. Extracting by manifest.
146 silly tarball no local data for jsonwebtoken@https://registry.npmjs.org/jsonwebtoken/-/jsonwebtoken-9.0.2.tgz. Extracting by manifest.
147 silly tarball no local data for express-validator@https://registry.npmjs.org/express-validator/-/express-validator-7.3.0.tgz. Extracting by manifest.
148 silly tarball no local data for cors@https://registry.npmjs.org/cors/-/cors-2.8.5.tgz. Extracting by manifest.
149 silly tarball no local data for bcryptjs@https://registry.npmjs.org/bcryptjs/-/bcryptjs-3.0.3.tgz. Extracting by manifest.
150 silly tarball no local data for dotenv@https://registry.npmjs.org/dotenv/-/dotenv-17.2.3.tgz. Extracting by manifest.
151 timing reifyNode:node_modules/object-assign Completed in 265ms
152 timing reifyNode:node_modules/jsonwebtoken/node_modules/ms Completed in 265ms
153 http fetch GET 200 https://registry.npmjs.org/lodash.isinteger/-/lodash.isinteger-4.0.4.tgz 239ms (cache miss)
154 timing reifyNode:node_modules/lodash.isinteger Completed in 279ms
155 http fetch GET 200 https://registry.npmjs.org/lodash.isnumber/-/lodash.isnumber-3.0.3.tgz 244ms (cache miss)
156 timing reifyNode:node_modules/lodash.isnumber Completed in 283ms
157 http fetch GET 200 https://registry.npmjs.org/lodash.isstring/-/lodash.isstring-4.0.1.tgz 248ms (cache miss)
158 timing reifyNode:node_modules/lodash.isstring Completed in 284ms
159 http fetch GET 200 https://registry.npmjs.org/lodash.isboolean/-/lodash.isboolean-3.0.3.tgz 242ms (cache miss)
160 timing reifyNode:node_modules/lodash.isboolean Completed in 284ms
161 http fetch GET 200 https://registry.npmjs.org/lodash.isplainobject/-/lodash.isplainobject-4.0.6.tgz 248ms (cache miss)
162 timing reifyNode:node_modules/lodash.isplainobject Completed in 285ms
163 http fetch GET 200 https://registry.npmjs.org/buffer-equal-constant-time/-/buffer-equal-constant-time-1.0.1.tgz 259ms (cache miss)
164 timing reifyNode:node_modules/buffer-equal-constant-time Completed in 288ms
165 http fetch GET 200 https://registry.npmjs.org/lodash.once/-/lodash.once-4.1.1.tgz 255ms (cache miss)
166 timing reifyNode:node_modules/lodash.once Completed in 287ms
167 http fetch GET 200 https://registry.npmjs.org/jwa/-/jwa-1.4.2.tgz 258ms (cache miss)
168 timing reifyNode:node_modules/jwa Completed in 289ms
169 http fetch GET 200 https://registry.npmjs.org/ecdsa-sig-formatter/-/ecdsa-sig-formatter-1.0.11.tgz 265ms (cache miss)
170 timing reifyNode:node_modules/ecdsa-sig-formatter Completed in 292ms
171 http fetch GET 200 https://registry.npmjs.org/lodash.includes/-/lodash.includes-4.3.0.tgz 251ms (cache miss)
172 timing reifyNode:node_modules/lodash.includes Completed in 294ms
173 http fetch GET 200 https://registry.npmjs.org/cors/-/cors-2.8.5.tgz 240ms (cache miss)
174 timing reifyNode:node_modules/cors Completed in 295ms
175 http fetch GET 200 https://registry.npmjs.org/jws/-/jws-3.2.2.tgz 251ms (cache miss)
176 http fetch POST 200 https://registry.npmjs.org/-/npm/v1/security/advisories/bulk 303ms
177 timing auditReport:getReport Completed in 311ms
178 silly audit report {
178 silly audit report   'body-parser': [
178 silly audit report     {
178 silly audit report       id: 1099520,
178 silly audit report       url: 'https://github.com/advisories/GHSA-qwcr-r2fm-qrc7',
178 silly audit report       title: 'body-parser vulnerable to denial of service when url encoding is enabled',
178 silly audit report       severity: 'high',
178 silly audit report       vulnerable_versions: '<1.20.3',
178 silly audit report       cwe: [Array],
178 silly audit report       cvss: [Object]
178 silly audit report     }
178 silly audit report   ],
178 silly audit report   'clean-css': [
178 silly audit report     {
178 silly audit report       id: 1091669,
178 silly audit report       url: 'https://github.com/advisories/GHSA-wxhq-pm8v-cw75',
178 silly audit report       title: 'Regular Expression Denial of Service in clean-css',
178 silly audit report       severity: 'low',
178 silly audit report       vulnerable_versions: '<4.1.11',
178 silly audit report       cwe: [Array],
178 silly audit report       cvss: [Object]
178 silly audit report     }
178 silly audit report   ],
178 silly audit report   constantinople: [
178 silly audit report     {
178 silly audit report       id: 1090850,
178 silly audit report       url: 'https://github.com/advisories/GHSA-4vmm-mhcq-4x9j',
178 silly audit report       title: 'Sandbox Bypass Leading to Arbitrary Code Execution in constantinople',
178 silly audit report       severity: 'critical',
178 silly audit report       vulnerable_versions: '<3.1.1',
178 silly audit report       cwe: [],
178 silly audit report       cvss: [Object]
178 silly audit report     }
178 silly audit report   ],
178 silly audit report   cookie: [
178 silly audit report     {
178 silly audit report       id: 1103907,
178 silly audit report       url: 'https://github.com/advisories/GHSA-pxg6-pf52-xh8x',
178 silly audit report       title: 'cookie accepts cookie name, path, and domain with out of bounds characters',
178 silly audit report       severity: 'low',
178 silly audit report       vulnerable_versions: '<0.7.0',
178 silly audit report       cwe: [Array],
178 silly audit report       cvss: [Object]
178 silly audit report     }
178 silly audit report   ],
178 silly audit report   express: [
178 silly audit report     {
178 silly audit report       id: 1100530,
178 silly audit report       url: 'https://github.com/advisories/GHSA-qw6h-vgh9-j6wx',
178 silly audit report       title: 'express vulnerable to XSS via response.redirect()',
178 silly audit report       severity: 'low',
178 silly audit report       vulnerable_versions: '<4.20.0',
178 silly audit report       cwe: [Array],
178 silly audit report       cvss: [Object]
178 silly audit report     },
178 silly audit report     {
178 silly audit report       id: 1096820,
178 silly audit report       url: 'https://github.com/advisories/GHSA-rv95-896h-c2vc',
178 silly audit report       title: 'Express.js Open Redirect in malformed URLs',
178 silly audit report       severity: 'moderate',
178 silly audit report       vulnerable_versions: '<4.19.2',
178 silly audit report       cwe: [Array],
178 silly audit report       cvss: [Object]
178 silly audit report     }
178 silly audit report   ],
178 silly audit report   'on-headers': [
178 silly audit report     {
178 silly audit report       id: 1106812,
178 silly audit report       url: 'https://github.com/advisories/GHSA-76c9-3jph-rj3q',
178 silly audit report       title: 'on-headers is vulnerable to http response header manipulation',
178 silly audit report       severity: 'low',
178 silly audit report       vulnerable_versions: '<1.1.0',
178 silly audit report       cwe: [Array],
178 silly audit report       cvss: [Object]
178 silly audit report     }
178 silly audit report   ],
178 silly audit report   'path-to-regexp': [
178 silly audit report     {
178 silly audit report       id: 1101850,
178 silly audit report       url: 'https://github.com/advisories/GHSA-9wv6-86v2-598j',
178 silly audit report       title: 'path-to-regexp outputs backtracking regular expressions',
178 silly audit report       severity: 'high',
178 silly audit report       vulnerable_versions: '<0.1.10',
178 silly audit report       cwe: [Array],
178 silly audit report       cvss: [Object]
178 silly audit report     },
178 silly audit report     {
178 silly audit report       id: 1105199,
178 silly audit report       url: 'https://github.com/advisories/GHSA-rhx6-c78j-4q9w',
178 silly audit report       title: 'path-to-regexp contains a ReDoS',
178 silly audit report       severity: 'high',
178 silly audit report       vulnerable_versions: '<0.1.12',
178 silly audit report       cwe: [Array],
178 silly audit report       cvss: [Object]
178 silly audit report     }
178 silly audit report   ],
178 silly audit report   qs: [
178 silly audit report     {
178 silly audit report       id: 1104118,
178 silly audit report       url: 'https://github.com/advisories/GHSA-hrpp-h998-j3pp',
178 silly audit report       title: 'qs vulnerable to Prototype Pollution',
178 silly audit report       severity: 'high',
178 silly audit report       vulnerable_versions: '>=6.5.0 <6.5.3',
178 silly audit report       cwe: [Array],
178 silly audit report       cvss: [Object]
178 silly audit report     }
178 silly audit report   ],
178 silly audit report   send: [
178 silly audit report     {
178 silly audit report       id: 1109556,
178 silly audit report       url: 'https://github.com/advisories/GHSA-m6fv-jmcg-4jfg',
178 silly audit report       title: 'send vulnerable to template injection that can lead to XSS',
178 silly audit report       severity: 'low',
178 silly audit report       vulnerable_versions: '<0.19.0',
178 silly audit report       cwe: [Array],
178 silly audit report       cvss: [Object]
178 silly audit report     }
178 silly audit report   ],
178 silly audit report   'serve-static': [
178 silly audit report     {
178 silly audit report       id: 1100528,
178 silly audit report       url: 'https://github.com/advisories/GHSA-cm22-4g7w-348p',
178 silly audit report       title: 'serve-static vulnerable to template injection that can lead to XSS',
178 silly audit report       severity: 'low',
178 silly audit report       vulnerable_versions: '<1.16.0',
178 silly audit report       cwe: [Array],
178 silly audit report       cvss: [Object]
178 silly audit report     }
178 silly audit report   ],
178 silly audit report   'uglify-js': [
178 silly audit report     {
178 silly audit report       id: 1091686,
178 silly audit report       url: 'https://github.com/advisories/GHSA-c9f4-xj24-8jqx',
178 silly audit report       title: 'Regular Expression Denial of Service in uglify-js',
178 silly audit report       severity: 'high',
178 silly audit report       vulnerable_versions: '<2.6.0',
178 silly audit report       cwe: [Array],
178 silly audit report       cvss: [Object]
178 silly audit report     },
178 silly audit report     {
178 silly audit report       id: 1091710,
178 silly audit report       url: 'https://github.com/advisories/GHSA-34r7-q49f-h37c',
178 silly audit report       title: 'Incorrect Handling of Non-Boolean Comparisons During Minification in uglify-js',
178 silly audit report       severity: 'critical',
178 silly audit report       vulnerable_versions: '<2.4.24',
178 silly audit report       cwe: [Array],
178 silly audit report       cvss: [Object]
178 silly audit report     }
178 silly audit report   ]
178 silly audit report }
179 timing reifyNode:node_modules/jws Completed in 328ms
180 timing metavuln:cache:get:security-advisory:body-parser:uoEU0GS6gk35ZdcQ5nagZYzZcDz5Th0PEvPIVa8rzwbO20pRdxYbAhpIm6Wc5MALXoWb1C4X8WqCtH02U0Wo1A== Completed in 50ms
181 timing metavuln:cache:get:security-advisory:clean-css:iMGvPnQPibsv5sFRVwiwq5tChAgPgMixbCiMVnE7uOtiV7ihb7wX2nCVu/GtFsPTjz/NWWlr2eQ3/hntNL0aVQ== Completed in 49ms
182 timing metavuln:cache:get:security-advisory:constantinople:0n6IFN4cWubbMfJ365cN3Ds8wtMkF7kzxt8YHbo4H7diGSKMTrY5pCwN8eZZOx1QGB0XU13rWzpvpc3pQ7/vIQ== Completed in 48ms
183 timing metavuln:cache:get:security-advisory:cookie:EFt7h/FZLeopARa06+F2CBY5ItUm007mP/cHgZjTJZX1MeIwg3JD7toSioRoDeE8wm5VdkimqlS+CnuPhZqbIg== Completed in 47ms
184 timing metavuln:cache:get:security-advisory:express:Y6ACp2DmYM+0HQ/I8CvEhLQJwNp8DOoQ76C8ObH06Y0qG40PIuVRmOi3OWzwUOTASTLCIWqeicWSO/acR3aaGQ== Completed in 47ms
185 timing metavuln:cache:get:security-advisory:express:lBXrUDHGQ8w6TsFbfO+dIpiL3mSEKXOF2OuvW+b7kHxIhUYJTgPXfCu70PLwR+5DiyOmPyeCmimiWIYaeIPBdw== Completed in 46ms
186 timing metavuln:cache:get:security-advisory:on-headers:O+Ys/f4bZubU3jA9Sqz4HIIJaATwc83W201O653Eo/4y8FTwrgSc3mrXs4p8n7svj0OzipJYTBXXWJCgp81mSQ== Completed in 46ms
187 timing metavuln:cache:get:security-advisory:path-to-regexp:1zdQfT/2s1/9HPIPcJl7TnWCFxsytt3sSe7T+xPf8FNpp2H4co4yvyKagGg4lKEjTVlcftvXdieAZPONp1djoQ== Completed in 45ms
188 timing metavuln:cache:get:security-advisory:path-to-regexp:0sP5sOjSm2jEVzBjQIX2s9I2rZ6lj48WyfSR+oVtUzndwLs0Cww28/j1R5EWf/fv+a3hc7KtVDL8gxcHV6kAiQ== Completed in 41ms
189 timing metavuln:cache:get:security-advisory:qs:cvVFEj5AyEW1TT1N7azAUzSNF32OoQdhVKJkgHecZrnhSblqIVWissllirjW9ltGW1wupAeI6hQYwLEsUMC0ew== Completed in 42ms
190 timing metavuln:cache:get:security-advisory:send:8NP35PpfDEVbqnzPdc9zuVQOxwpjeCWA/vn7Q9SplgLVmZPjGaDssuEM0QllxNS2U4IM79h+Qp8GEO0schn/xw== Completed in 41ms
191 timing metavuln:cache:get:security-advisory:serve-static:VyBBWzRCPk4QPwU71mkZJ+QZdwW0bnbx/lUJDdvhij3t67jGrB4z2A5Ryyta1VjZgpmZ9kuyannc46B7jSSuiQ== Completed in 40ms
192 timing metavuln:cache:get:security-advisory:uglify-js:hkwtVp5Fvwe6o2MAcQo+RyegEtzqEyBw2xUs87y6TNaHzV+TQ0nkFIvmWpLbAXKt881YQNkvrwPJACyKVdQ1lw== Completed in 36ms
193 timing metavuln:cache:get:security-advisory:uglify-js:sIR+f54Y390B18gaW2mKxeeKExLmqIiE6d/MoH/39jLX6WrSSRO6eq0QhXD261Gq2uqv8C+KXY2/vWEQpGSJ0Q== Completed in 37ms
194 http fetch GET 200 https://registry.npmjs.org/body-parser 89ms (cache hit)
195 timing metavuln:packument:body-parser Completed in 93ms
196 timing metavuln:load:security-advisory:body-parser:1099520 Completed in 3ms
197 timing metavuln:calculate:security-advisory:body-parser:1099520 Completed in 99ms
198 http fetch GET 200 https://registry.npmjs.org/clean-css 102ms (cache hit)
199 timing metavuln:packument:clean-css Completed in 105ms
200 timing metavuln:load:security-advisory:clean-css:1091669 Completed in 2ms
201 timing metavuln:calculate:security-advisory:clean-css:1091669 Completed in 107ms
202 http fetch GET 200 https://registry.npmjs.org/constantinople 105ms (cache hit)
203 timing metavuln:packument:constantinople Completed in 106ms
204 timing metavuln:load:security-advisory:constantinople:1090850 Completed in 1ms
205 timing metavuln:calculate:security-advisory:constantinople:1090850 Completed in 108ms
206 http fetch GET 200 https://registry.npmjs.org/cookie 105ms (cache hit)
207 timing metavuln:packument:cookie Completed in 106ms
208 timing metavuln:load:security-advisory:cookie:1103907 Completed in 0ms
209 timing metavuln:calculate:security-advisory:cookie:1103907 Completed in 106ms
210 http fetch GET 200 https://registry.npmjs.org/express 106ms (cache hit)
211 timing metavuln:packument:express Completed in 113ms
212 timing metavuln:load:security-advisory:express:1100530 Completed in 4ms
213 timing metavuln:calculate:security-advisory:express:1100530 Completed in 117ms
214 timing metavuln:load:security-advisory:express:1096820 Completed in 2ms
215 timing metavuln:calculate:security-advisory:express:1096820 Completed in 118ms
216 http fetch GET 200 https://registry.npmjs.org/on-headers 118ms (cache hit)
217 timing metavuln:packument:on-headers Completed in 119ms
218 timing metavuln:load:security-advisory:on-headers:1106812 Completed in 0ms
219 timing metavuln:calculate:security-advisory:on-headers:1106812 Completed in 119ms
220 http fetch GET 200 https://registry.npmjs.org/path-to-regexp 115ms (cache hit)
221 timing metavuln:packument:path-to-regexp Completed in 119ms
222 timing metavuln:load:security-advisory:path-to-regexp:1101850 Completed in 0ms
223 timing metavuln:calculate:security-advisory:path-to-regexp:1101850 Completed in 119ms
224 timing metavuln:load:security-advisory:path-to-regexp:1105199 Completed in 0ms
225 timing metavuln:calculate:security-advisory:path-to-regexp:1105199 Completed in 116ms
226 http fetch GET 200 https://registry.npmjs.org/qs 114ms (cache hit)
227 timing metavuln:packument:qs Completed in 117ms
228 timing metavuln:load:security-advisory:qs:1104118 Completed in 0ms
229 timing metavuln:calculate:security-advisory:qs:1104118 Completed in 117ms
230 http fetch GET 200 https://registry.npmjs.org/send 117ms (cache hit)
231 timing metavuln:packument:send Completed in 118ms
232 timing metavuln:load:security-advisory:send:1109556 Completed in 0ms
233 timing metavuln:calculate:security-advisory:send:1109556 Completed in 118ms
234 http fetch GET 200 https://registry.npmjs.org/serve-static 114ms (cache hit)
235 timing metavuln:packument:serve-static Completed in 118ms
236 timing metavuln:load:security-advisory:serve-static:1100528 Completed in 0ms
237 timing metavuln:calculate:security-advisory:serve-static:1100528 Completed in 118ms
238 http fetch GET 200 https://registry.npmjs.org/uglify-js 115ms (cache hit)
239 timing metavuln:packument:uglify-js Completed in 117ms
240 timing metavuln:load:security-advisory:uglify-js:1091686 Completed in 2ms
241 timing metavuln:calculate:security-advisory:uglify-js:1091686 Completed in 119ms
242 timing metavuln:load:security-advisory:uglify-js:1091710 Completed in 1ms
243 timing metavuln:calculate:security-advisory:uglify-js:1091710 Completed in 120ms
244 http fetch GET 200 https://registry.npmjs.org/jsonwebtoken/-/jsonwebtoken-9.0.2.tgz 396ms (cache miss)
245 timing reifyNode:node_modules/jsonwebtoken Completed in 449ms
246 http fetch GET 200 https://registry.npmjs.org/dotenv/-/dotenv-17.2.3.tgz 391ms (cache miss)
247 timing reifyNode:node_modules/dotenv Completed in 450ms
248 timing metavuln:cache:get:security-advisory:express:jvTd6gzTcOHtTpI+4CX7Ne4qICdj+n1Uun+dHPDk1JAyy9ltqA8JnsvVhBi+M0Y+kR5QoSv5YqjecJACWBUhEA== Completed in 11ms
249 timing metavuln:load:security-advisory:express:uoEU0GS6gk35ZdcQ5nagZYzZcDz5Th0PEvPIVa8rzwbO20pRdxYbAhpIm6Wc5MALXoWb1C4X8WqCtH02U0Wo1A== Completed in 1ms
250 timing metavuln:calculate:security-advisory:express:uoEU0GS6gk35ZdcQ5nagZYzZcDz5Th0PEvPIVa8rzwbO20pRdxYbAhpIm6Wc5MALXoWb1C4X8WqCtH02U0Wo1A== Completed in 12ms
251 http fetch GET 200 https://registry.npmjs.org/bcryptjs/-/bcryptjs-3.0.3.tgz 410ms (cache miss)
252 timing reifyNode:node_modules/bcryptjs Completed in 467ms
253 timing metavuln:cache:get:security-advisory:jade:9iz881jwUJh1G4UDJ/KM7Y7IcNU+hWeb/U0MbZebcyI90m8XfiAj+Sb2ZfUuZzSEbrUjWkV3tsshH/a5oBmd/g== Completed in 22ms
254 http fetch GET 200 https://registry.npmjs.org/jade 37ms (cache hit)
255 timing metavuln:packument:jade Completed in 39ms
256 timing metavuln:load:security-advisory:jade:iMGvPnQPibsv5sFRVwiwq5tChAgPgMixbCiMVnE7uOtiV7ihb7wX2nCVu/GtFsPTjz/NWWlr2eQ3/hntNL0aVQ== Completed in 1ms
257 timing metavuln:calculate:security-advisory:jade:iMGvPnQPibsv5sFRVwiwq5tChAgPgMixbCiMVnE7uOtiV7ihb7wX2nCVu/GtFsPTjz/NWWlr2eQ3/hntNL0aVQ== Completed in 40ms
258 timing reifyNode:node_modules/semver Completed in 499ms
259 timing metavuln:cache:get:security-advisory:jade:SVei7NQHPa8tYrEk6eR3dy/QhA7/EyW22D0IHAaEuOPUPLLwkJGJvQ+oG5t+Le7FoQ0rukkmdkHYCuL4Zu4aTA== Completed in 6ms
260 timing metavuln:load:security-advisory:jade:0n6IFN4cWubbMfJ365cN3Ds8wtMkF7kzxt8YHbo4H7diGSKMTrY5pCwN8eZZOx1QGB0XU13rWzpvpc3pQ7/vIQ== Completed in 1ms
261 timing metavuln:calculate:security-advisory:jade:0n6IFN4cWubbMfJ365cN3Ds8wtMkF7kzxt8YHbo4H7diGSKMTrY5pCwN8eZZOx1QGB0XU13rWzpvpc3pQ7/vIQ== Completed in 7ms
262 timing metavuln:cache:get:security-advisory:express:sb5aHYxuv7oTd2v1ApotGTTuwOWqb9o3qRQ2W5Aju5V6v7nYbGS+2GR0OxQkrB3Sgzu051IbP4LwzpKgrH2WGQ== Completed in 16ms
263 timing metavuln:load:security-advisory:express:EFt7h/FZLeopARa06+F2CBY5ItUm007mP/cHgZjTJZX1MeIwg3JD7toSioRoDeE8wm5VdkimqlS+CnuPhZqbIg== Completed in 1ms
264 timing metavuln:calculate:security-advisory:express:EFt7h/FZLeopARa06+F2CBY5ItUm007mP/cHgZjTJZX1MeIwg3JD7toSioRoDeE8wm5VdkimqlS+CnuPhZqbIg== Completed in 17ms
265 timing metavuln:cache:get:security-advisory:morgan:Zke8uLY8Kb+xhaCR8KBCtgvE9/pW8gqS8Wu7+yODR03h3RUJ3LkbQhW1UPJdzfNjaqwB7PsUxN02Mik4jHZypQ== Completed in 12ms
266 http fetch GET 200 https://registry.npmjs.org/morgan 23ms (cache hit)
267 timing metavuln:packument:morgan Completed in 23ms
268 timing metavuln:load:security-advisory:morgan:O+Ys/f4bZubU3jA9Sqz4HIIJaATwc83W201O653Eo/4y8FTwrgSc3mrXs4p8n7svj0OzipJYTBXXWJCgp81mSQ== Completed in 0ms
269 timing metavuln:calculate:security-advisory:morgan:O+Ys/f4bZubU3jA9Sqz4HIIJaATwc83W201O653Eo/4y8FTwrgSc3mrXs4p8n7svj0OzipJYTBXXWJCgp81mSQ== Completed in 24ms
270 timing metavuln:cache:get:security-advisory:express:LRbUnr0WeU21QXyqYq0LKWnxCksZVHamePIRXV3//T9Aj7u3VWNsnM6K5ujI/Z6dfOKKNzbMDayMt+lQ7d6K3A== Completed in 11ms
271 timing metavuln:load:security-advisory:express:1zdQfT/2s1/9HPIPcJl7TnWCFxsytt3sSe7T+xPf8FNpp2H4co4yvyKagGg4lKEjTVlcftvXdieAZPONp1djoQ== Completed in 0ms
272 timing metavuln:calculate:security-advisory:express:1zdQfT/2s1/9HPIPcJl7TnWCFxsytt3sSe7T+xPf8FNpp2H4co4yvyKagGg4lKEjTVlcftvXdieAZPONp1djoQ== Completed in 11ms
273 timing metavuln:cache:get:security-advisory:body-parser:X5R9ZEk2Yp+guT2lhLMLAT/j3K+uP5NJoG0dmm+Vyu8kFNl/LNlQQ6kr0T/BYiBXX3SP9OMnBljwN7eOG9NwTA== Completed in 10ms
274 timing metavuln:load:security-advisory:body-parser:cvVFEj5AyEW1TT1N7azAUzSNF32OoQdhVKJkgHecZrnhSblqIVWissllirjW9ltGW1wupAeI6hQYwLEsUMC0ew== Completed in 0ms
275 timing metavuln:calculate:security-advisory:body-parser:cvVFEj5AyEW1TT1N7azAUzSNF32OoQdhVKJkgHecZrnhSblqIVWissllirjW9ltGW1wupAeI6hQYwLEsUMC0ew== Completed in 10ms
276 timing metavuln:cache:get:security-advisory:express:L/IWnJFN9gkPJaSyAL7KzSica8YZQtI8t9KbJOfDkE4/Kp1kZ9NMzHoWBiNIcPgJoLOb2pB6IJP2IxqR9lCuBg== Completed in 9ms
277 timing metavuln:load:security-advisory:express:cvVFEj5AyEW1TT1N7azAUzSNF32OoQdhVKJkgHecZrnhSblqIVWissllirjW9ltGW1wupAeI6hQYwLEsUMC0ew== Completed in 1ms
278 timing metavuln:calculate:security-advisory:express:cvVFEj5AyEW1TT1N7azAUzSNF32OoQdhVKJkgHecZrnhSblqIVWissllirjW9ltGW1wupAeI6hQYwLEsUMC0ew== Completed in 10ms
279 http fetch GET 200 https://registry.npmjs.org/express-validator/-/express-validator-7.3.0.tgz 538ms (cache miss)
280 timing reifyNode:node_modules/express-validator Completed in 592ms
281 timing metavuln:cache:get:security-advisory:express:icN4Z/CnJ3HexuuTzhvyFELlcl9Ayp336wmeTAuWjfT/hbRPW+ZwueDz6SD9ycRuIKM/WmBUFAjzHNHL3NFgtQ== Completed in 7ms
282 timing metavuln:load:security-advisory:express:8NP35PpfDEVbqnzPdc9zuVQOxwpjeCWA/vn7Q9SplgLVmZPjGaDssuEM0QllxNS2U4IM79h+Qp8GEO0schn/xw== Completed in 1ms
283 timing metavuln:calculate:security-advisory:express:8NP35PpfDEVbqnzPdc9zuVQOxwpjeCWA/vn7Q9SplgLVmZPjGaDssuEM0QllxNS2U4IM79h+Qp8GEO0schn/xw== Completed in 8ms
284 timing metavuln:cache:get:security-advisory:serve-static:VMA9Xvj5QO+jz0WZF77roG80h0vr8/yqXqCDcQHHVJmej+4wy5CoagzzI0fzX0hekO2hxhcidoF4uBR9z8aY1Q== Completed in 8ms
285 timing metavuln:load:security-advisory:serve-static:8NP35PpfDEVbqnzPdc9zuVQOxwpjeCWA/vn7Q9SplgLVmZPjGaDssuEM0QllxNS2U4IM79h+Qp8GEO0schn/xw== Completed in 0ms
286 timing metavuln:calculate:security-advisory:serve-static:8NP35PpfDEVbqnzPdc9zuVQOxwpjeCWA/vn7Q9SplgLVmZPjGaDssuEM0QllxNS2U4IM79h+Qp8GEO0schn/xw== Completed in 8ms
287 timing metavuln:cache:get:security-advisory:express:kykTo4VuC2rM2MB0/ANQ51tOegcUPd67Lh4iIK7TUUpqt61eQaJ70XtItcffrJ8PoIYxwtnuqm5DJGT19JMA/A== Completed in 4ms
288 timing metavuln:load:security-advisory:express:VyBBWzRCPk4QPwU71mkZJ+QZdwW0bnbx/lUJDdvhij3t67jGrB4z2A5Ryyta1VjZgpmZ9kuyannc46B7jSSuiQ== Completed in 1ms
289 timing metavuln:calculate:security-advisory:express:VyBBWzRCPk4QPwU71mkZJ+QZdwW0bnbx/lUJDdvhij3t67jGrB4z2A5Ryyta1VjZgpmZ9kuyannc46B7jSSuiQ== Completed in 5ms
290 timing metavuln:cache:get:security-advisory:transformers:Xf4RaZyiDQQ40Lwm/T/EJCz/B0ZnUEUKmcY+6Wo2928G45uqjBPIWXcysmVXbJSqpaEhotHffjZTaL/jXoaHXg== Completed in 5ms
291 http fetch GET 200 https://registry.npmjs.org/transformers 17ms (cache hit)
292 timing metavuln:packument:transformers Completed in 18ms
293 timing metavuln:load:security-advisory:transformers:hkwtVp5Fvwe6o2MAcQo+RyegEtzqEyBw2xUs87y6TNaHzV+TQ0nkFIvmWpLbAXKt881YQNkvrwPJACyKVdQ1lw== Completed in 0ms
294 timing metavuln:calculate:security-advisory:transformers:hkwtVp5Fvwe6o2MAcQo+RyegEtzqEyBw2xUs87y6TNaHzV+TQ0nkFIvmWpLbAXKt881YQNkvrwPJACyKVdQ1lw== Completed in 18ms
295 timing metavuln:cache:get:security-advisory:jade:GRqwHxuy9jn4Z9oD9+hSxjYpFcHoIGZjMMTeSRBiboE4GfzSqEE+BNJQQp9DEzBOIK9TkRUm5QkYiiKaPifA5A== Completed in 6ms
296 timing metavuln:load:security-advisory:jade:Xf4RaZyiDQQ40Lwm/T/EJCz/B0ZnUEUKmcY+6Wo2928G45uqjBPIWXcysmVXbJSqpaEhotHffjZTaL/jXoaHXg== Completed in 0ms
297 timing metavuln:calculate:security-advisory:jade:Xf4RaZyiDQQ40Lwm/T/EJCz/B0ZnUEUKmcY+6Wo2928G45uqjBPIWXcysmVXbJSqpaEhotHffjZTaL/jXoaHXg== Completed in 6ms
298 timing auditReport:init Completed in 337ms
299 timing reify:audit Completed in 650ms
300 http fetch GET 200 https://registry.npmjs.org/validator/-/validator-13.15.20.tgz 668ms (cache miss)
301 timing reifyNode:node_modules/validator Completed in 720ms
302 timing reifyNode:node_modules/lodash Completed in 944ms
303 timing reify:unpack Completed in 946ms
304 timing reify:unretire Completed in 0ms
305 timing build:queue Completed in 2ms
306 timing build:link:node_modules/bcryptjs Completed in 5ms
307 timing build:link:node_modules/semver Completed in 4ms
308 timing build:link Completed in 5ms
309 timing build:deps Completed in 9ms
310 timing build Completed in 9ms
311 timing reify:build Completed in 9ms
312 timing reify:trash Completed in 2ms
313 timing reify:save Completed in 70ms
314 timing reify Completed in 1769ms
315 silly ADD node_modules/ecdsa-sig-formatter
316 silly ADD node_modules/buffer-equal-constant-time
317 silly ADD node_modules/jwa
318 silly ADD node_modules/semver
319 silly ADD node_modules/lodash.once
320 silly ADD node_modules/lodash.isstring
321 silly ADD node_modules/lodash.isplainobject
322 silly ADD node_modules/lodash.isnumber
323 silly ADD node_modules/lodash.isinteger
324 silly ADD node_modules/lodash.isboolean
325 silly ADD node_modules/lodash.includes
326 silly ADD node_modules/jws
327 silly ADD node_modules/validator
328 silly ADD node_modules/lodash
329 silly ADD node_modules/object-assign
330 silly ADD node_modules/jsonwebtoken
331 silly ADD node_modules/jsonwebtoken/node_modules/ms
332 silly ADD node_modules/express-validator
333 silly ADD node_modules/cors
334 silly ADD node_modules/bcryptjs
335 silly CHANGE node_modules/dotenv
336 timing command:install Completed in 1810ms
337 verbose exit 0
338 timing npm Completed in 1868ms
339 info ok
